Build started 3/26/2013 9:31:09 PM.
     1>Project "c:\Users\Anirudh\documents\visual studio 2010\Projects\hello world\hello world\hello world.vcxproj" on node 2 (build target(s)).
     1>PrepareForBuild:
         Creating directory "c:\users\anirudh\documents\visual studio 2010\Projects\hello world\Debug\".
       InitializeBuildStatus:
         Creating "Debug\hello world.unsuccessfulbuild" because "AlwaysCreate" was specified.
       ClCompile:
         C:\Program Files (x86)\Microsoft Visual Studio 10.0\VC\bin\CL.exe /c /ZI /nologo /W3 /WX- /Od /Oy- /D WIN32 /D _DEBUG /D _CONSOLE /D _UNICODE /D UNICODE /Gm /EHsc /RTC1 /MDd /GS /fp:precise /Zc:wchar_t /Zc:forScope /Yc"StdAfx.h" /Fp"Debug\hello world.pch" /Fo"Debug\\" /Fd"Debug\vc100.pdb" /Gd /TP /analyze- /errorReport:prompt stdafx.cpp
         stdafx.cpp
         C:\Program Files (x86)\Microsoft Visual Studio 10.0\VC\bin\CL.exe /c /ZI /nologo /W3 /WX- /Od /Oy- /D WIN32 /D _DEBUG /D _CONSOLE /D _UNICODE /D UNICODE /Gm /EHsc /RTC1 /MDd /GS /fp:precise /Zc:wchar_t /Zc:forScope /Yu"StdAfx.h" /Fp"Debug\hello world.pch" /Fo"Debug\\" /Fd"Debug\vc100.pdb" /Gd /TP /analyze- /errorReport:prompt "hello world.cpp"
         hello world.cpp
       ManifestResourceCompile:
         C:\Program Files (x86)\Microsoft SDKs\Windows\v7.0A\bin\rc.exe /nologo /fo"Debug\hello world.exe.embed.manifest.res" "Debug\hello world_manifest.rc" 
       Link:
         C:\Program Files (x86)\Microsoft Visual Studio 10.0\VC\bin\link.exe /ERRORREPORT:PROMPT /OUT:"c:\users\anirudh\documents\visual studio 2010\Projects\hello world\Debug\hello world.exe" /INCREMENTAL /NOLOGO kernel32.lib user32.lib gdi32.lib winspool.lib comdlg32.lib advapi32.lib shell32.lib ole32.lib oleaut32.lib uuid.lib odbc32.lib odbccp32.lib /MANIFEST /ManifestFile:"Debug\hello world.exe.intermediate.manifest" /MANIFESTUAC:"level='asInvoker' uiAccess='false'" /DEBUG /PDB:"c:\users\anirudh\documents\visual studio 2010\Projects\hello world\Debug\hello world.pdb" /SUBSYSTEM:CONSOLE /TLBID:1 /DYNAMICBASE /NXCOMPAT /IMPLIB:"c:\users\anirudh\documents\visual studio 2010\Projects\hello world\Debug\hello world.lib" /MACHINE:X86 "Debug\hello world.exe.embed.manifest.res"
         "Debug\hello world.obj"
         Debug\stdafx.obj
       Manifest:
         C:\Program Files (x86)\Microsoft SDKs\Windows\v7.0A\bin\mt.exe /nologo /verbose /out:"Debug\hello world.exe.embed.manifest" /manifest "Debug\hello world.exe.intermediate.manifest"
         C:\Program Files (x86)\Microsoft SDKs\Windows\v7.0A\bin\rc.exe /nologo /fo"Debug\hello world.exe.embed.manifest.res" "Debug\hello world_manifest.rc" 
       LinkEmbedManifest:
         C:\Program Files (x86)\Microsoft Visual Studio 10.0\VC\bin\link.exe /ERRORREPORT:PROMPT /OUT:"c:\users\anirudh\documents\visual studio 2010\Projects\hello world\Debug\hello world.exe" /INCREMENTAL /NOLOGO kernel32.lib user32.lib gdi32.lib winspool.lib comdlg32.lib advapi32.lib shell32.lib ole32.lib oleaut32.lib uuid.lib odbc32.lib odbccp32.lib /MANIFEST /ManifestFile:"Debug\hello world.exe.intermediate.manifest" /MANIFESTUAC:"level='asInvoker' uiAccess='false'" /DEBUG /PDB:"c:\users\anirudh\documents\visual studio 2010\Projects\hello world\Debug\hello world.pdb" /SUBSYSTEM:CONSOLE /TLBID:1 /DYNAMICBASE /NXCOMPAT /IMPLIB:"c:\users\anirudh\documents\visual studio 2010\Projects\hello world\Debug\hello world.lib" /MACHINE:X86 "Debug\hello world.exe.embed.manifest.res"
         "Debug\hello world.obj"
         Debug\stdafx.obj
         hello world.vcxproj -> c:\users\anirudh\documents\visual studio 2010\Projects\hello world\Debug\hello world.exe
       FinalizeBuildStatus:
         Deleting file "Debug\hello world.unsuccessfulbuild".
         Touching "Debug\hello world.lastbuildstate".
     1>Done Building Project "c:\Users\Anirudh\documents\visual studio 2010\Projects\hello world\hello world\hello world.vcxproj" (build target(s)).

Build succeeded.

Time Elapsed 00:00:04.83
